SF:lib/widgets/custom_rich_text.dart
DA:5,1
DA:14,1
DA:16,1
DA:17,1
DA:18,1
DA:24,1
DA:25,1
DA:26,1
LF:8
LH:8
end_of_record
SF:lib/utils/currency_formatter.dart
DA:9,2
DA:18,1
DA:19,2
DA:20,7
DA:23,1
DA:24,1
DA:25,3
DA:26,4
DA:31,1
DA:36,1
DA:37,3
DA:39,1
DA:42,3
DA:44,1
DA:46,4
DA:47,1
DA:48,1
DA:49,2
DA:53,1
DA:54,1
DA:55,3
LF:21
LH:21
end_of_record
SF:lib/models/financial_data.dart
DA:5,2
DA:10,6
DA:11,6
DA:13,2
DA:14,2
DA:15,2
DA:17,4
DA:19,4
LF:8
LH:8
end_of_record
SF:lib/services/financial_service.dart
DA:4,2
LF:1
LH:1
end_of_record
SF:lib/widgets/custom_container.dart
DA:5,2
DA:9,1
DA:11,1
DA:13,1
DA:14,1
DA:16,1
DA:19,1
DA:20,1
DA:21,1
DA:25,1
LF:10
LH:10
end_of_record
SF:lib/widgets/security_widget.dart
DA:7,1
DA:9,1
DA:11,1
DA:13,1
DA:14,1
DA:15,1
DA:20,1
DA:22,1
LF:8
LH:8
end_of_record
SF:lib/widgets/result_bar.dart
DA:5,1
DA:9,1
DA:10,1
DA:11,1
DA:13,1
DA:20,1
DA:22,1
DA:23,1
DA:24,1
DA:25,4
DA:26,1
DA:28,1
DA:29,3
DA:35,1
DA:36,1
DA:37,1
DA:39,1
DA:41,1
DA:46,1
DA:52,1
DA:54,1
DA:56,3
DA:57,1
DA:59,3
LF:24
LH:24
end_of_record
SF:lib/widgets/custom_button.dart
DA:6,1
DA:17,1
DA:19,1
DA:20,2
DA:21,1
DA:22,1
DA:23,1
DA:24,1
DA:25,1
DA:27,1
DA:28,1
DA:33,1
DA:34,1
DA:35,1
DA:37,1
LF:15
LH:15
end_of_record
SF:lib/widgets/custom_text_field.dart
DA:9,1
DA:20,1
DA:22,1
DA:24,1
DA:25,1
DA:26,1
DA:27,1
DA:35,1
DA:36,1
DA:38,1
DA:40,1
DA:43,1
DA:44,1
DA:54,1
DA:55,1
DA:56,1
DA:63,1
DA:64,1
LF:18
LH:18
end_of_record
SF:lib/widgets/custom_app_bar.dart
DA:5,1
DA:7,1
DA:10,1
DA:12,1
DA:14,1
LF:5
LH:5
end_of_record
